2024-09-22 16:41:04,268 INFO Connection check task start

2024-09-22 16:41:04,288 INFO Total count =0, sdkCount=0,clusterCount=0, currentLimit=-1, toExpelCount=0

2024-09-22 16:41:04,292 INFO Check over limit for ip limit rule, over limit ip count=0

2024-09-22 16:41:04,293 INFO Out dated connection ,size=0

2024-09-22 16:41:04,294 INFO Connection check task end

2024-09-22 16:41:07,297 INFO Connection check task start

2024-09-22 16:41:07,298 INFO Total count =0, sdkCount=0,clusterCount=0, currentLimit=-1, toExpelCount=0

2024-09-22 16:41:07,299 INFO Check over limit for ip limit rule, over limit ip count=0

2024-09-22 16:41:07,299 INFO Out dated connection ,size=0

2024-09-22 16:41:07,299 INFO Connection check task end

2024-09-22 16:41:10,303 INFO Connection check task start

2024-09-22 16:41:10,304 INFO Total count =0, sdkCount=0,clusterCount=0, currentLimit=-1, toExpelCount=0

2024-09-22 16:41:10,304 INFO Check over limit for ip limit rule, over limit ip count=0

2024-09-22 16:41:10,305 INFO Out dated connection ,size=0

2024-09-22 16:41:10,305 INFO Connection check task end

2024-09-22 16:41:13,308 INFO Connection check task start

2024-09-22 16:41:13,309 INFO Total count =0, sdkCount=0,clusterCount=0, currentLimit=-1, toExpelCount=0

2024-09-22 16:41:13,310 INFO Check over limit for ip limit rule, over limit ip count=0

2024-09-22 16:41:13,310 INFO Out dated connection ,size=0

2024-09-22 16:41:13,310 INFO Connection check task end

2024-09-22 16:41:16,314 INFO Connection check task start

2024-09-22 16:41:16,315 INFO Total count =0, sdkCount=0,clusterCount=0, currentLimit=-1, toExpelCount=0

2024-09-22 16:41:16,316 INFO Check over limit for ip limit rule, over limit ip count=0

2024-09-22 16:41:16,316 INFO Out dated connection ,size=0

2024-09-22 16:41:16,317 INFO Connection check task end

2024-09-22 16:41:19,321 INFO Connection check task start

2024-09-22 16:41:19,323 INFO Total count =0, sdkCount=0,clusterCount=0, currentLimit=-1, toExpelCount=0

2024-09-22 16:41:19,324 INFO Check over limit for ip limit rule, over limit ip count=0

2024-09-22 16:41:19,325 INFO Out dated connection ,size=0

2024-09-22 16:41:19,325 INFO Connection check task end

2024-09-22 16:41:22,329 INFO Connection check task start

2024-09-22 16:41:22,331 INFO Total count =0, sdkCount=0,clusterCount=0, currentLimit=-1, toExpelCount=0

2024-09-22 16:41:22,332 INFO Check over limit for ip limit rule, over limit ip count=0

2024-09-22 16:41:22,332 INFO Out dated connection ,size=0

2024-09-22 16:41:22,333 INFO Connection check task end

2024-09-22 16:41:25,335 INFO Connection check task start

2024-09-22 16:41:25,337 INFO Total count =0, sdkCount=0,clusterCount=0, currentLimit=-1, toExpelCount=0

2024-09-22 16:41:25,337 INFO Check over limit for ip limit rule, over limit ip count=0

2024-09-22 16:41:25,338 INFO Out dated connection ,size=0

2024-09-22 16:41:25,338 INFO Connection check task end

2024-09-22 16:41:28,342 INFO Connection check task start

2024-09-22 16:41:28,344 INFO Total count =0, sdkCount=0,clusterCount=0, currentLimit=-1, toExpelCount=0

2024-09-22 16:41:28,344 INFO Check over limit for ip limit rule, over limit ip count=0

2024-09-22 16:41:28,344 INFO Out dated connection ,size=0

2024-09-22 16:41:28,345 INFO Connection check task end

2024-09-22 16:41:31,348 INFO Connection check task start

2024-09-22 16:41:31,350 INFO Total count =0, sdkCount=0,clusterCount=0, currentLimit=-1, toExpelCount=0

2024-09-22 16:41:31,350 INFO Check over limit for ip limit rule, over limit ip count=0

2024-09-22 16:41:31,351 INFO Out dated connection ,size=0

2024-09-22 16:41:31,351 INFO Connection check task end

2024-09-22 16:41:34,355 INFO Connection check task start

2024-09-22 16:41:34,357 INFO Total count =0, sdkCount=0,clusterCount=0, currentLimit=-1, toExpelCount=0

2024-09-22 16:41:34,357 INFO Check over limit for ip limit rule, over limit ip count=0

2024-09-22 16:41:34,360 INFO Out dated connection ,size=0

2024-09-22 16:41:34,361 INFO Connection check task end

2024-09-22 16:41:37,366 INFO Connection check task start

2024-09-22 16:41:37,367 INFO Total count =0, sdkCount=0,clusterCount=0, currentLimit=-1, toExpelCount=0

2024-09-22 16:41:37,367 INFO Check over limit for ip limit rule, over limit ip count=0

2024-09-22 16:41:37,368 INFO Out dated connection ,size=0

2024-09-22 16:41:37,368 INFO Connection check task end

2024-09-22 16:41:40,371 INFO Connection check task start

2024-09-22 16:41:40,373 INFO Total count =0, sdkCount=0,clusterCount=0, currentLimit=-1, toExpelCount=0

2024-09-22 16:41:40,374 INFO Check over limit for ip limit rule, over limit ip count=0

2024-09-22 16:41:40,374 INFO Out dated connection ,size=0

2024-09-22 16:41:40,375 INFO Connection check task end

2024-09-22 16:41:43,378 INFO Connection check task start

2024-09-22 16:41:43,380 INFO Total count =0, sdkCount=0,clusterCount=0, currentLimit=-1, toExpelCount=0

2024-09-22 16:41:43,381 INFO Check over limit for ip limit rule, over limit ip count=0

2024-09-22 16:41:43,381 INFO Out dated connection ,size=0

2024-09-22 16:41:43,381 INFO Connection check task end

2024-09-22 16:41:46,386 INFO Connection check task start

2024-09-22 16:41:46,388 INFO Total count =0, sdkCount=0,clusterCount=0, currentLimit=-1, toExpelCount=0

2024-09-22 16:41:46,389 INFO Check over limit for ip limit rule, over limit ip count=0

2024-09-22 16:41:46,389 INFO Out dated connection ,size=0

2024-09-22 16:41:46,391 INFO Connection check task end

2024-09-22 16:41:49,396 INFO Connection check task start

2024-09-22 16:41:49,398 INFO Total count =0, sdkCount=0,clusterCount=0, currentLimit=-1, toExpelCount=0

2024-09-22 16:41:49,399 INFO Check over limit for ip limit rule, over limit ip count=0

2024-09-22 16:41:49,399 INFO Out dated connection ,size=0

2024-09-22 16:41:49,400 INFO Connection check task end

2024-09-22 16:41:52,406 INFO Connection check task start

2024-09-22 16:41:52,407 INFO Total count =0, sdkCount=0,clusterCount=0, currentLimit=-1, toExpelCount=0

2024-09-22 16:41:52,408 INFO Check over limit for ip limit rule, over limit ip count=0

2024-09-22 16:41:52,409 INFO Out dated connection ,size=0

2024-09-22 16:41:52,410 INFO Connection check task end

2024-09-22 16:41:55,412 INFO Connection check task start

2024-09-22 16:41:55,415 INFO Total count =0, sdkCount=0,clusterCount=0, currentLimit=-1, toExpelCount=0

2024-09-22 16:41:55,415 INFO Check over limit for ip limit rule, over limit ip count=0

2024-09-22 16:41:55,416 INFO Out dated connection ,size=0

2024-09-22 16:41:55,416 INFO Connection check task end

2024-09-22 16:41:58,422 INFO Connection check task start

2024-09-22 16:41:58,424 INFO Total count =0, sdkCount=0,clusterCount=0, currentLimit=-1, toExpelCount=0

2024-09-22 16:41:58,425 INFO Check over limit for ip limit rule, over limit ip count=0

2024-09-22 16:41:58,425 INFO Out dated connection ,size=0

2024-09-22 16:41:58,426 INFO Connection check task end

2024-09-22 16:42:01,427 INFO Connection check task start

2024-09-22 16:42:01,429 INFO Total count =0, sdkCount=0,clusterCount=0, currentLimit=-1, toExpelCount=0

2024-09-22 16:42:01,430 INFO Check over limit for ip limit rule, over limit ip count=0

2024-09-22 16:42:01,430 INFO Out dated connection ,size=0

2024-09-22 16:42:01,431 INFO Connection check task end

